This is cutadapt 2.8 with Python 3.8.10
Command line parameters: -a AGATCGGAAGAGC -A AGATCGGAAGAGC -q 30 -m 20 --trim-n -O 10 -o SRR2061397_1trimmed.fastq -p SRR2061397_2trimmed.fastq ./SRR2061397_1.fastq ./SRR2061397_2.fastq
Processing reads on 1 core in paired-end mode ...
Finished in 0.39 s (16 us/read; 3.80 M reads/minute).

=== Summary ===

Total read pairs processed:             25,000
  Read 1 with adapter:                      31 (0.1%)
  Read 2 with adapter:                      30 (0.1%)
Pairs that were too short:               1,038 (4.2%)
Pairs written (passing filters):        23,962 (95.8%)

Total basepairs processed:     5,000,000 bp
  Read 1:     2,500,000 bp
  Read 2:     2,500,000 bp
Quality-trimmed:                 222,267 bp (4.4%)
  Read 1:        67,386 bp
  Read 2:       154,881 bp
Total written (filtered):      4,700,683 bp (94.0%)
  Read 1:     2,365,705 bp
  Read 2:     2,334,978 bp

=== First read: Adapter 1 ===

Sequence: AGATCGGAAGAGC; Type: regular 3'; Length: 13; Trimmed: 31 times; Reverse-complemented: 0 times

No. of allowed errors:
0-9 bp: 0; 10-13 bp: 1

Bases preceding removed adapters:
  A: 9.7%
  C: 29.0%
  G: 32.3%
  T: 16.1%
  none/other: 12.9%

Overview of removed sequences
length	count	expect	max.err	error counts
9	4	0.1	0	0 4
10	3	0.0	1	2 1
11	3	0.0	1	1 2
12	1	0.0	1	0 1
14	1	0.0	1	1
15	1	0.0	1	1
16	2	0.0	1	2
17	2	0.0	1	2
24	1	0.0	1	1
28	2	0.0	1	2
32	1	0.0	1	1
35	1	0.0	1	1
40	1	0.0	1	0 1
58	1	0.0	1	0 1
63	1	0.0	1	0 1
70	1	0.0	1	1
72	2	0.0	1	0 2
73	1	0.0	1	0 1
79	1	0.0	1	0 1
83	1	0.0	1	0 1


=== Second read: Adapter 2 ===

Sequence: AGATCGGAAGAGC; Type: regular 3'; Length: 13; Trimmed: 30 times; Reverse-complemented: 0 times

No. of allowed errors:
0-9 bp: 0; 10-13 bp: 1

Bases preceding removed adapters:
  A: 20.0%
  C: 23.3%
  G: 40.0%
  T: 13.3%
  none/other: 3.3%

Overview of removed sequences
length	count	expect	max.err	error counts
9	6	0.1	0	0 6
10	3	0.0	1	1 2
11	1	0.0	1	1
12	1	0.0	1	1
14	2	0.0	1	2
16	2	0.0	1	2
17	2	0.0	1	2
28	2	0.0	1	2
32	1	0.0	1	1
33	1	0.0	1	0 1
35	1	0.0	1	1
42	1	0.0	1	1
57	1	0.0	1	0 1
64	1	0.0	1	1
69	1	0.0	1	0 1
72	1	0.0	1	0 1
75	1	0.0	1	0 1
78	1	0.0	1	0 1
79	1	0.0	1	0 1
